<?xml version="1.0" encoding="UTF-8"?>
<!-- Generated by org.testng.reporters.JUnitReportReporter -->
<testsuite hostname="DESKTOP-M5S4UPJ" failures="0" tests="1" name="testCases.TC002_LoginTest" time="2.910" errors="0" timestamp="2024-07-29T15:28:38 PDT" skipped="0">
  <testcase classname="testCases.TC002_LoginTest" name="verify_login" time="2.910"/>
</testsuite> <!-- testCases.TC002_LoginTest -->
