<?xml version="1.0" encoding="UTF-8"?>
<!-- Generated by org.testng.reporters.JUnitReportReporter -->
<testsuite hostname="DESKTOP-M5S4UPJ" failures="0" tests="1" name="testCases.TC_001_Account_Registration_Test" time="3.390" errors="0" timestamp="2024-07-29T15:28:38 PDT" skipped="0">
  <testcase classname="testCases.TC_001_Account_Registration_Test" name="verify_Account_Registration" time="3.390"/>
</testsuite> <!-- testCases.TC_001_Account_Registration_Test -->
